<?xml version="1.0" encoding="UTF-8"?>
<testsuite xmlns:xsi="http://www.w3.org/2001/XMLSchema-instance" xsi:noNamespaceSchemaLocation="https://maven.apache.org/surefire/maven-surefire-plugin/xsd/surefire-test-report-3.0.xsd" version="3.0" name="runners.RunnerClass" time="31.507" tests="4" errors="0" skipped="0" failures="0">
  <properties>
[...]
</properties>
  <testcase name="Add a Membership details" classname="Employee Membership Management" time="9.028">
    <system-out><![CDATA[
@membership
Scenario: Add a Membership details                                                                                     &amp#27;[90m# src/test/resources/features/membershipSection.feature:16&amp#27;[0m
  &amp#27;[32mWhen &amp#27;[0m&amp#27;[32memployee enters username and password&amp#27;[0m                                                                           &amp#27;[90m# steps.membershipSectionSteps.employee_enters_username_and_password()&amp#27;[0m
  &amp#27;[32mAnd &amp#27;[0m&amp#27;[32muser clicks on login button&amp#27;[0m                                                                                      &amp#27;[90m# steps.LoginSteps.user_clicks_on_login_button()&amp#27;[0m
This test passed
  &amp#27;[32mThen &amp#27;[0m&amp#27;[32muser is successfully logged in&amp#27;[0m                                                                                  &amp#27;[90m# steps.LoginSteps.user_is_successfully_logged_in()&amp#27;[0m
  &amp#27;[32mWhen &amp#27;[0m&amp#27;[32mthe employee accesses their profile&amp#27;[0m                                                                             &amp#27;[90m# steps.membershipSectionSteps.the_employee_accesses_their_profile()&amp#27;[0m
  &amp#27;[32mAnd &amp#27;[0m&amp#27;[32mnavigates to the membership section&amp#27;[0m                                                                              &amp#27;[90m# steps.membershipSectionSteps.navigates_to_the_membership_section()&amp#27;[0m
  &amp#27;[32mThen &amp#27;[0m&amp#27;[32mthe employee should be able to view the membership details&amp#27;[0m                                                      &amp#27;[90m# steps.membershipSectionSteps.the_employee_should_be_able_to_view_the_membership_details()&amp#27;[0m
  &amp#27;[32mWhen &amp#27;[0m&amp#27;[32mthe employee selects the membership type from the dropdown field and validate that is filled in&amp#27;[0m                 &amp#27;[90m# steps.membershipSectionSteps.the_employee_selects_the_membership_type_from_the_dropdown_field_and_validate_that_is_filled_in()&amp#27;[0m
  &amp#27;[32mAnd &amp#27;[0m&amp#27;[32mselects the entity that paid for the subscription paid by from the dropdown field and validate that is filled in&amp#27;[0m &amp#27;[90m# steps.membershipSectionSteps.selects_the_entity_that_paid_for_the_subscription_paid_by_from_the_dropdown_field_and_validate_that_is_filled_in()&amp#27;[0m
  &amp#27;[32mAnd &amp#27;[0m&amp#27;[32menters the subscription amount in the text box and validate that is filled in&amp#27;[0m                                    &amp#27;[90m# steps.membershipSectionSteps.enters_the_subscription_amount_in_the_text_box_and_validate_that_is_filled_in()&amp#27;[0m
  &amp#27;[32mAnd &amp#27;[0m&amp#27;[32mselects the currency used for the subscription from the dropdown field&amp#27;[0m                                           &amp#27;[90m# steps.membershipSectionSteps.selects_the_currency_used_for_the_subscription_from_the_dropdown_field()&amp#27;[0m
  &amp#27;[32mAnd &amp#27;[0m&amp#27;[32mselects the subscription commence date from the calendar and validate that is filled in&amp#27;[0m                          &amp#27;[90m# steps.membershipSectionSteps.selects_the_subscription_commence_date_from_the_calendar_and_validate_that_is_filled_in()&amp#27;[0m
  &amp#27;[32mAnd &amp#27;[0m&amp#27;[32mselects the subscription renewal date from the calendar&amp#27;[0m                                                          &amp#27;[90m# steps.membershipSectionSteps.selects_the_subscription_renewal_date_from_the_calendar()&amp#27;[0m
  &amp#27;[32mAnd &amp#27;[0m&amp#27;[32mclicks on the save button&amp#27;[0m                                                                                        &amp#27;[90m# steps.membershipSectionSteps.clicks_on_the_save_button()&amp#27;[0m
  &amp#27;[32mThen &amp#27;[0m&amp#27;[32mthe system should store the membership details in the employee's profile&amp#27;[0m                                        &amp#27;[90m# steps.membershipSectionSteps.the_system_should_store_the_membership_details_in_the_employee_s_profile()&amp#27;[0m

    Embedding Add a Membership details [image/png 111830 bytes]

]]></system-out>
    <system-err><![CDATA[SLF4J: Failed to load class "org.slf4j.impl.StaticLoggerBinder".
SLF4J: Defaulting to no-operation (NOP) logger implementation
SLF4J: See http://www.slf4j.org/codes.html#StaticLoggerBinder for further details.
Nov 10, 2023 7:49:32 PM org.openqa.selenium.devtools.CdpVersionFinder findNearestMatch
WARNING: Unable to find an exact match for CDP version 119, so returning the closest version found: 115
]]></system-err>
  </testcase>
  <testcase name="Editing Previously Saved Membership Details" classname="Employee Membership Management" time="8.41">
    <system-out><![CDATA[
@membership
Scenario: Editing Previously Saved Membership Details                            &amp#27;[90m# src/test/resources/features/membershipSection.feature:27&amp#27;[0m
  &amp#27;[32mWhen &amp#27;[0m&amp#27;[32memployee enters username and password&amp#27;[0m                                     &amp#27;[90m# steps.membershipSectionSteps.employee_enters_username_and_password()&amp#27;[0m
  &amp#27;[32mAnd &amp#27;[0m&amp#27;[32muser clicks on login button&amp#27;[0m                                                &amp#27;[90m# steps.LoginSteps.user_clicks_on_login_button()&amp#27;[0m
This test passed
  &amp#27;[32mThen &amp#27;[0m&amp#27;[32muser is successfully logged in&amp#27;[0m                                            &amp#27;[90m# steps.LoginSteps.user_is_successfully_logged_in()&amp#27;[0m
  &amp#27;[32mWhen &amp#27;[0m&amp#27;[32mthe employee accesses their profile&amp#27;[0m                                       &amp#27;[90m# steps.membershipSectionSteps.the_employee_accesses_their_profile()&amp#27;[0m
  &amp#27;[32mAnd &amp#27;[0m&amp#27;[32mnavigates to the membership section&amp#27;[0m                                        &amp#27;[90m# steps.membershipSectionSteps.navigates_to_the_membership_section()&amp#27;[0m
  &amp#27;[32mThen &amp#27;[0m&amp#27;[32mthe employee should be able to view the membership details&amp#27;[0m                &amp#27;[90m# steps.membershipSectionSteps.the_employee_should_be_able_to_view_the_membership_details()&amp#27;[0m
  &amp#27;[32mWhen &amp#27;[0m&amp#27;[32mthe employee selects the previously saved membership details&amp#27;[0m              &amp#27;[90m# steps.membershipSectionSteps.the_employee_selects_the_previously_saved_membership_details()&amp#27;[0m
  &amp#27;[32mAnd &amp#27;[0m&amp#27;[32mmakes the necessary edits&amp#27;[0m                                                  &amp#27;[90m# steps.membershipSectionSteps.makes_the_necessary_edits()&amp#27;[0m
  &amp#27;[32mAnd &amp#27;[0m&amp#27;[32mclicks on the save button after editing&amp#27;[0m                                    &amp#27;[90m# steps.membershipSectionSteps.clicks_on_the_save_button_2()&amp#27;[0m
  &amp#27;[32mThen &amp#27;[0m&amp#27;[32mthe system should update the membership details in the employee's profile&amp#27;[0m &amp#27;[90m# steps.membershipSectionSteps.the_system_should_update_the_membership_details_in_the_employee_s_profile()&amp#27;[0m

    Embedding Editing Previously Saved Membership Details [image/png 111796 bytes]

]]></system-out>
    <system-err><![CDATA[Nov 10, 2023 7:49:41 PM org.openqa.selenium.devtools.CdpVersionFinder findNearestMatch
WARNING: Unable to find an exact match for CDP version 119, so returning the closest version found: 115
]]></system-err>
  </testcase>
  <testcase name="Displaying Membership Details on Profile Page" classname="Employee Membership Management" time="6.409">
    <system-out><![CDATA[
@membership
Scenario: Displaying Membership Details on Profile Page                           &amp#27;[90m# src/test/resources/features/membershipSection.feature:36&amp#27;[0m
  &amp#27;[32mWhen &amp#27;[0m&amp#27;[32memployee enters username and password&amp#27;[0m                                      &amp#27;[90m# steps.membershipSectionSteps.employee_enters_username_and_password()&amp#27;[0m
  &amp#27;[32mAnd &amp#27;[0m&amp#27;[32muser clicks on login button&amp#27;[0m                                                 &amp#27;[90m# steps.LoginSteps.user_clicks_on_login_button()&amp#27;[0m
This test passed
  &amp#27;[32mThen &amp#27;[0m&amp#27;[32muser is successfully logged in&amp#27;[0m                                             &amp#27;[90m# steps.LoginSteps.user_is_successfully_logged_in()&amp#27;[0m
  &amp#27;[32mWhen &amp#27;[0m&amp#27;[32mthe employee accesses their profile&amp#27;[0m                                        &amp#27;[90m# steps.membershipSectionSteps.the_employee_accesses_their_profile()&amp#27;[0m
  &amp#27;[32mAnd &amp#27;[0m&amp#27;[32mnavigates to the membership section&amp#27;[0m                                         &amp#27;[90m# steps.membershipSectionSteps.navigates_to_the_membership_section()&amp#27;[0m
  &amp#27;[32mThen &amp#27;[0m&amp#27;[32mthe employee should be able to view the membership details&amp#27;[0m                 &amp#27;[90m# steps.membershipSectionSteps.the_employee_should_be_able_to_view_the_membership_details()&amp#27;[0m
  &amp#27;[32mThen &amp#27;[0m&amp#27;[32mthe membership details should be displayed in a clear and organized format&amp#27;[0m &amp#27;[90m# steps.membershipSectionSteps.the_membership_details_should_be_displayed_in_a_clear_and_organized_format()&amp#27;[0m

    Embedding Displaying Membership Details on Profile Page [image/png 107414 bytes]

]]></system-out>
    <system-err><![CDATA[Nov 10, 2023 7:49:49 PM org.openqa.selenium.devtools.CdpVersionFinder findNearestMatch
WARNING: Unable to find an exact match for CDP version 119, so returning the closest version found: 115
]]></system-err>
  </testcase>
  <testcase name="Deleting Previously Saved Membership Details" classname="Employee Membership Management" time="7.179">
    <system-out><![CDATA[
@membership
Scenario: Deleting Previously Saved Membership Details                                    &amp#27;[90m# src/test/resources/features/membershipSection.feature:41&amp#27;[0m
  &amp#27;[32mWhen &amp#27;[0m&amp#27;[32memployee enters username and password&amp#27;[0m                                              &amp#27;[90m# steps.membershipSectionSteps.employee_enters_username_and_password()&amp#27;[0m
  &amp#27;[32mAnd &amp#27;[0m&amp#27;[32muser clicks on login button&amp#27;[0m                                                         &amp#27;[90m# steps.LoginSteps.user_clicks_on_login_button()&amp#27;[0m
This test passed
  &amp#27;[32mThen &amp#27;[0m&amp#27;[32muser is successfully logged in&amp#27;[0m                                                     &amp#27;[90m# steps.LoginSteps.user_is_successfully_logged_in()&amp#27;[0m
  &amp#27;[32mWhen &amp#27;[0m&amp#27;[32mthe employee accesses their profile&amp#27;[0m                                                &amp#27;[90m# steps.membershipSectionSteps.the_employee_accesses_their_profile()&amp#27;[0m
  &amp#27;[32mAnd &amp#27;[0m&amp#27;[32mnavigates to the membership section&amp#27;[0m                                                 &amp#27;[90m# steps.membershipSectionSteps.navigates_to_the_membership_section()&amp#27;[0m
  &amp#27;[32mThen &amp#27;[0m&amp#27;[32mthe employee should be able to view the membership details&amp#27;[0m                         &amp#27;[90m# steps.membershipSectionSteps.the_employee_should_be_able_to_view_the_membership_details()&amp#27;[0m
  &amp#27;[32mWhen &amp#27;[0m&amp#27;[32mthe employee selects the previously saved membership details in membership profile&amp#27;[0m &amp#27;[90m# steps.membershipSectionSteps.the_employee_selects_the_previously_saved_membership_details_in_membership_profile()&amp#27;[0m
  &amp#27;[32mAnd &amp#27;[0m&amp#27;[32mclicks on the delete button&amp#27;[0m                                                         &amp#27;[90m# steps.membershipSectionSteps.clicks_on_the_delete_button1()&amp#27;[0m
  &amp#27;[32mThen &amp#27;[0m&amp#27;[32mthe system should remove the membership details from the employee's profile&amp#27;[0m        &amp#27;[90m# steps.membershipSectionSteps.the_system_should_remove_the_membership_details_from_the_employee_s_profile()&amp#27;[0m

    Embedding Deleting Previously Saved Membership Details [image/png 107519 bytes]

]]></system-out>
    <system-err><![CDATA[Nov 10, 2023 7:49:55 PM org.openqa.selenium.devtools.CdpVersionFinder findNearestMatch
WARNING: Unable to find an exact match for CDP version 119, so returning the closest version found: 115
]]></system-err>
  </testcase>
</testsuite>