<?xml version="1.0" encoding="UTF-8"?>
<testsuite xmlns:xsi="http://www.w3.org/2001/XMLSchema-instance" xsi:noNamespaceSchemaLocation="https://maven.apache.org/surefire/maven-surefire-plugin/xsd/surefire-test-report-3.0.xsd" version="3.0" name="runners.RunnerClass" time="106.023" tests="1" errors="0" skipped="0" failures="0">
  <properties>
[...]
</properties>
  <testcase name="Adding multiple employees from excel files" classname="add employee scenario" time="102.679">
    <system-out><![CDATA[
@excel
Scenario: Adding multiple employees from excel files                          &amp#27;[90m# src/test/resources/features/AddEmployee.feature:46&amp#27;[0m
  &amp#27;[32m* &amp#27;[0m&amp#27;[32muser enters username and password&amp#27;[0m                                         &amp#27;[90m# steps.LoginSteps.user_enters_username_and_password()&amp#27;[0m
  &amp#27;[32m* &amp#27;[0m&amp#27;[32muser clicks on login button&amp#27;[0m                                               &amp#27;[90m# steps.LoginSteps.user_clicks_on_login_button()&amp#27;[0m
This test passed
  &amp#27;[32m* &amp#27;[0m&amp#27;[32muser is successfully logged in&amp#27;[0m                                            &amp#27;[90m# steps.LoginSteps.user_is_successfully_logged_in()&amp#27;[0m
  &amp#27;[32m* &amp#27;[0m&amp#27;[32muser clicks on PIM option&amp#27;[0m                                                 &amp#27;[90m# steps.TerminateSteps.user_clicks_on_pim_option()&amp#27;[0m
  &amp#27;[32m* &amp#27;[0m&amp#27;[32muser clicks on add employee option&amp#27;[0m                                        &amp#27;[90m# steps.AddEmployeeSteps.user_clicks_on_add_employee_option()&amp#27;[0m
63717743 Pam Manrov Abasi
63717743 Pam Manrov Abasi
60455419 Peninah Kotler Smith
60455419 Peninah Kotler Smith
26077521 Siraj Madok Patrov
26077521 Siraj Madok Patrov
  &amp#27;[32mWhen &amp#27;[0m&amp#27;[32muser adds multiple employees from excel using &amp#27;[0m&amp#27;[32m&amp#27;[1m"Sheet1"&amp#27;[0m&amp#27;[32m and verify them&amp#27;[0m &amp#27;[90m# steps.AddEmployeeSteps.user_adds_multiple_employees_from_excel_using_and_verify_them(java.lang.String)&amp#27;[0m

    Embedding Adding multiple employees from excel files [image/png 71162 bytes]

]]></system-out>
    <system-err><![CDATA[SLF4J: Failed to load class "org.slf4j.impl.StaticLoggerBinder".
SLF4J: Defaulting to no-operation (NOP) logger implementation
SLF4J: See http://www.slf4j.org/codes.html#StaticLoggerBinder for further details.
Nov 11, 2023 8:47:45 AM org.openqa.selenium.devtools.CdpVersionFinder findNearestMatch
WARNING: Unable to find an exact match for CDP version 119, so returning the closest version found: 115
Nov 11, 2023 8:49:18 AM org.openqa.selenium.remote.http.WebSocket$Listener onError
WARNING: Connection reset
java.net.SocketException: Connection reset
	at java.base/sun.nio.ch.SocketChannelImpl.throwConnectionReset(SocketChannelImpl.java:394)
	at java.base/sun.nio.ch.SocketChannelImpl.read(SocketChannelImpl.java:426)
	at io.netty.buffer.PooledByteBuf.setBytes(PooledByteBuf.java:256)
	at io.netty.buffer.AbstractByteBuf.writeBytes(AbstractByteBuf.java:1132)
	at io.netty.channel.socket.nio.NioSocketChannel.doReadBytes(NioSocketChannel.java:357)
	at io.netty.channel.nio.AbstractNioByteChannel$NioByteUnsafe.read(AbstractNioByteChannel.java:151)
	at io.netty.channel.nio.NioEventLoop.processSelectedKey(NioEventLoop.java:788)
	at io.netty.channel.nio.NioEventLoop.processSelectedKeysOptimized(NioEventLoop.java:724)
	at io.netty.channel.nio.NioEventLoop.processSelectedKeys(NioEventLoop.java:650)
	at io.netty.channel.nio.NioEventLoop.run(NioEventLoop.java:562)
	at io.netty.util.concurrent.SingleThreadEventExecutor$4.run(SingleThreadEventExecutor.java:997)
	at io.netty.util.internal.ThreadExecutorMap$2.run(ThreadExecutorMap.java:74)
	at io.netty.util.concurrent.FastThreadLocalRunnable.run(FastThreadLocalRunnable.java:30)
	at java.base/java.lang.Thread.run(Thread.java:840)

]]></system-err>
  </testcase>
</testsuite>